<?xml version="1.0" encoding="UTF-8"?>
<!-- Generated by org.testng.reporters.JUnitReportReporter -->
<testsuite hostname="Arati-PC" name="testngcase.SurveyListCase" tests="8" failures="0" timestamp="26 Apr 2017 12:19:27 GMT" time="47.081" errors="0">
  <testcase name="MakeSurveyCertificateAsNA" time="36.560" classname="testngcase.SurveyListCase"/>
  <testcase name="Check" time="1.011" classname="testngcase.SurveyListCase"/>
  <testcase name="AddNew" time="1.012" classname="testngcase.SurveyListCase"/>
  <testcase name="Search" time="1.005" classname="testngcase.SurveyListCase"/>
  <testcase name="ClickCIAndRI" time="1.011" classname="testngcase.SurveyListCase"/>
  <testcase name="Survey" time="4.457" classname="testngcase.SurveyListCase"/>
  <testcase name="EditAndPendingInspection" time="1.012" classname="testngcase.SurveyListCase"/>
  <testcase name="Validation" time="1.013" classname="testngcase.SurveyListCase"/>
</testsuite> <!-- testngcase.SurveyListCase -->
