<?xml version="1.0" encoding="UTF-8"?>
<!-- Generated by org.testng.reporters.JUnitReportReporter -->
<testsuite hostname="Arati-PC" name="testngcase.SurveyListTest" tests="8" failures="0" timestamp="10 May 2017 05:55:56 GMT" time="161.077" errors="0">
  <testcase name="Search" time="1.066" classname="testngcase.SurveyListTest"/>
  <testcase name="AddNew" time="1.050" classname="testngcase.SurveyListTest"/>
  <testcase name="Check" time="1.050" classname="testngcase.SurveyListTest"/>
  <testcase name="Survey" time="4.767" classname="testngcase.SurveyListTest"/>
  <testcase name="Validation" time="1.057" classname="testngcase.SurveyListTest"/>
  <testcase name="MakeSurveyCertificateAsNA" time="1.050" classname="testngcase.SurveyListTest"/>
  <testcase name="ClickCIAndRI" time="1.040" classname="testngcase.SurveyListTest"/>
  <testcase name="EditAndPendingInspection" time="149.997" classname="testngcase.SurveyListTest"/>
</testsuite> <!-- testngcase.SurveyListTest -->
