<?xml version="1.0" encoding="UTF-8"?>
<!-- Generated by org.testng.reporters.JUnitReportReporter -->
<testsuite hostname="Arati-PC" name="testngcase.SurveyListFilterTest" tests="5" failures="0" timestamp="27 Apr 2017 06:16:22 GMT" time="110.173" errors="0">
  <testcase name="FleetOffice" time="1.183" classname="testngcase.SurveyListFilterTest"/>
  <testcase name="NA_SurveyCertificates" time="101.690" classname="testngcase.SurveyListFilterTest"/>
  <testcase name="Fleet_A" time="1.066" classname="testngcase.SurveyListFilterTest"/>
  <testcase name="Fleet_B" time="1.040" classname="testngcase.SurveyListFilterTest"/>
  <testcase name="SurveyList" time="5.194" classname="testngcase.SurveyListFilterTest"/>
</testsuite> <!-- testngcase.SurveyListFilterTest -->
