<?xml version="1.0" encoding="UTF-8"?>
<!-- Generated by org.testng.reporters.JUnitReportReporter -->
<testsuite hostname="Arati-PC" name="testngcase.SurveyListFilterCase" tests="5" failures="0" timestamp="26 Apr 2017 05:18:39 GMT" time="41.673" errors="0">
  <testcase name="Fleet_A" time="1.012" classname="testngcase.SurveyListFilterCase"/>
  <testcase name="Fleet_B" time="1.012" classname="testngcase.SurveyListFilterCase"/>
  <testcase name="NA_SurveyCertificates" time="33.395" classname="testngcase.SurveyListFilterCase"/>
  <testcase name="FleetOffice" time="1.004" classname="testngcase.SurveyListFilterCase"/>
  <testcase name="Survey" time="5.250" classname="testngcase.SurveyListFilterCase"/>
</testsuite> <!-- testngcase.SurveyListFilterCase -->
